2023-03-14 21:14:35 INFO  SorterBenchmark - run: sort 10,000 elements using SorterBenchmark on class java.lang.Integer from 10,000 total elements and 1 runs using sorter: HeapSort
2023-03-14 21:14:35 INFO  SorterBenchmark - run: sort 10,000 elements using SorterBenchmark on class java.lang.Integer from 10,000 total elements and 1 runs using sorter: MergeSort
2023-03-14 21:14:35 INFO  SorterBenchmark - run: sort 10,000 elements using SorterBenchmark on class java.lang.Integer from 10,000 total elements and 1 runs using sorter: QuickSort
2023-03-14 21:14:35 INFO  Benchmark_Timer - Begin run: Instrumenting helper for QuickSort with 10,000 elements with 1 runs
2023-03-14 21:14:35 INFO  Benchmark_Timer - Begin run: Instrumenting helper for HeapSort with 10,000 elements with 1 runs
2023-03-14 21:14:35 INFO  Benchmark_Timer - Begin run: Instrumenting helper for MergeSort with 10,000 elements with 1 runs
2023-03-14 21:14:35 INFO  TimeLogger - Raw time per run (mSec):  .00
2023-03-14 21:14:35 INFO  TimeLogger - Raw time per run (mSec):  .00
2023-03-14 21:14:35 INFO  TimeLogger - Raw time per run (mSec):  .00
2023-03-14 21:14:35 INFO  SorterBenchmark - run: sort 20,000 elements using SorterBenchmark on class java.lang.Integer from 20,000 total elements and 1 runs using sorter: QuickSort
2023-03-14 21:14:35 INFO  SorterBenchmark - run: sort 20,000 elements using SorterBenchmark on class java.lang.Integer from 20,000 total elements and 1 runs using sorter: HeapSort
2023-03-14 21:14:35 INFO  SorterBenchmark - run: sort 20,000 elements using SorterBenchmark on class java.lang.Integer from 20,000 total elements and 1 runs using sorter: MergeSort
2023-03-14 21:14:35 INFO  Benchmark_Timer - Begin run: Instrumenting helper for HeapSort with 20,000 elements with 1 runs
2023-03-14 21:14:35 INFO  Benchmark_Timer - Begin run: Instrumenting helper for MergeSort with 20,000 elements with 1 runs
2023-03-14 21:14:35 INFO  Benchmark_Timer - Begin run: Instrumenting helper for QuickSort with 20,000 elements with 1 runs
2023-03-14 21:14:35 INFO  TimeLogger - Raw time per run (mSec):  .00
2023-03-14 21:14:35 INFO  TimeLogger - Raw time per run (mSec):  .00
2023-03-14 21:14:35 INFO  TimeLogger - Raw time per run (mSec):  .00
2023-03-14 21:14:35 INFO  SorterBenchmark - run: sort 40,000 elements using SorterBenchmark on class java.lang.Integer from 40,000 total elements and 1 runs using sorter: MergeSort
2023-03-14 21:14:35 INFO  SorterBenchmark - run: sort 40,000 elements using SorterBenchmark on class java.lang.Integer from 40,000 total elements and 1 runs using sorter: QuickSort
2023-03-14 21:14:35 INFO  Benchmark_Timer - Begin run: Instrumenting helper for MergeSort with 40,000 elements with 1 runs
2023-03-14 21:14:35 INFO  SorterBenchmark - run: sort 40,000 elements using SorterBenchmark on class java.lang.Integer from 40,000 total elements and 1 runs using sorter: HeapSort
2023-03-14 21:14:35 INFO  Benchmark_Timer - Begin run: Instrumenting helper for QuickSort with 40,000 elements with 1 runs
2023-03-14 21:14:35 INFO  TimeLogger - Raw time per run (mSec):  .00
2023-03-14 21:14:35 INFO  TimeLogger - Raw time per run (mSec):  .00
2023-03-14 21:14:35 INFO  Benchmark_Timer - Begin run: Instrumenting helper for HeapSort with 40,000 elements with 1 runs
2023-03-14 21:14:35 INFO  TimeLogger - Raw time per run (mSec):  .00
2023-03-14 21:14:35 INFO  SorterBenchmark - run: sort 80,000 elements using SorterBenchmark on class java.lang.Integer from 80,000 total elements and 1 runs using sorter: HeapSort
2023-03-14 21:14:35 INFO  SorterBenchmark - run: sort 80,000 elements using SorterBenchmark on class java.lang.Integer from 80,000 total elements and 1 runs using sorter: QuickSort
2023-03-14 21:14:35 INFO  SorterBenchmark - run: sort 80,000 elements using SorterBenchmark on class java.lang.Integer from 80,000 total elements and 1 runs using sorter: MergeSort
2023-03-14 21:14:35 INFO  Benchmark_Timer - Begin run: Instrumenting helper for HeapSort with 80,000 elements with 1 runs
2023-03-14 21:14:35 INFO  Benchmark_Timer - Begin run: Instrumenting helper for QuickSort with 80,000 elements with 1 runs
2023-03-14 21:14:35 INFO  Benchmark_Timer - Begin run: Instrumenting helper for MergeSort with 80,000 elements with 1 runs
2023-03-14 21:14:35 INFO  TimeLogger - Raw time per run (mSec):  .00
2023-03-14 21:14:35 INFO  TimeLogger - Raw time per run (mSec):  .00
2023-03-14 21:14:35 INFO  TimeLogger - Raw time per run (mSec):  .00
2023-03-14 21:14:35 INFO  SorterBenchmark - run: sort 160,000 elements using SorterBenchmark on class java.lang.Integer from 160,000 total elements and 1 runs using sorter: MergeSort
2023-03-14 21:14:35 INFO  SorterBenchmark - run: sort 160,000 elements using SorterBenchmark on class java.lang.Integer from 160,000 total elements and 1 runs using sorter: QuickSort
2023-03-14 21:14:35 INFO  SorterBenchmark - run: sort 160,000 elements using SorterBenchmark on class java.lang.Integer from 160,000 total elements and 1 runs using sorter: HeapSort
2023-03-14 21:14:35 INFO  Benchmark_Timer - Begin run: Instrumenting helper for MergeSort with 160,000 elements with 1 runs
2023-03-14 21:14:35 INFO  Benchmark_Timer - Begin run: Instrumenting helper for QuickSort with 160,000 elements with 1 runs
2023-03-14 21:14:35 INFO  Benchmark_Timer - Begin run: Instrumenting helper for HeapSort with 160,000 elements with 1 runs
2023-03-14 21:14:35 INFO  TimeLogger - Raw time per run (mSec):  .00
2023-03-14 21:14:35 INFO  TimeLogger - Raw time per run (mSec):  .00
2023-03-14 21:14:35 INFO  TimeLogger - Raw time per run (mSec):  .00
